16:47:02.029 [main] INFO  c.m.e.demo.application.SampleTest - Starting SampleTest using Java 14 on LAPTOP-LL07K4AP with PID 4664 (started by namug in D:\work\1_git\spring-maven-template)
16:47:02.029 [main] INFO  c.m.e.demo.application.SampleTest - The following profiles are active: local
16:47:02.400 [main] DEBUG o.s.w.c.s.GenericWebApplicationContext - Refreshing org.springframework.web.context.support.GenericWebApplicationContext@7b9e7633
16:47:03.234 [main] WARN  o.m.s.mapper.ClassPathMapperScanner - No MyBatis mapper was found in '[com.maven.example.demo]' package. Please check your configuration.
16:47:04.124 [main] DEBUG o.s.w.s.m.m.a.RequestMappingHandlerAdapter - ControllerAdvice beans: 0 @ModelAttribute, 0 @InitBinder, 1 RequestBodyAdvice, 1 ResponseBodyAdvice
16:47:04.218 [main] INFO  com.zaxxer.hikari.HikariDataSource - HikariPool-1 - Starting...
16:47:04.296 [main] DEBUG o.s.w.s.m.m.a.RequestMappingHandlerMapping - 2 mappings in 'requestMappingHandlerMapping'
16:47:04.374 [main] DEBUG o.s.w.s.h.SimpleUrlHandlerMapping - Patterns [/webjars/**, /**] in 'resourceHandlerMapping'
16:47:04.390 [main] DEBUG o.s.w.s.m.m.a.ExceptionHandlerExceptionResolver - ControllerAdvice beans: 0 @ExceptionHandler, 1 ResponseBodyAdvice
16:47:04.468 [main] WARN  o.s.b.a.t.ThymeleafAutoConfiguration$DefaultTemplateResolverConfiguration - Cannot find template location: classpath:/templates/ (please add some templates or check your Thymeleaf configuration)
16:47:04.906 [main] INFO  c.m.e.demo.application.SampleTest - Started SampleTest in 3.465 seconds (JVM running for 5.181)
16:47:05.861 [main] INFO  c.m.example.demo.application.Sample - sum START
16:47:05.861 [main] INFO  c.m.example.demo.application.Sample - result : 3
16:47:05.861 [main] INFO  c.m.example.demo.application.Sample - sum END
16:47:06.267 [main] INFO  c.m.example.demo.application.Sample - sum START
16:47:06.267 [main] INFO  c.m.example.demo.application.Sample - result : 2
16:47:06.267 [main] INFO  c.m.example.demo.application.Sample - sum END
16:47:06.283 [main] INFO  c.m.example.demo.application.Sample - sum START
16:47:06.283 [main] INFO  c.m.example.demo.application.Sample - result : 4
16:47:06.283 [main] INFO  c.m.example.demo.application.Sample - sum END
16:47:06.283 [main] INFO  c.m.example.demo.application.Sample - sum START
16:47:06.283 [main] INFO  c.m.example.demo.application.Sample - result : 1
16:47:06.283 [main] INFO  c.m.example.demo.application.Sample - sum END
16:47:06.428 [SpringApplicationShutdownHook] DEBUG o.s.w.c.s.GenericWebApplicationContext - Closing org.springframework.web.context.support.GenericWebApplicationContext@7b9e7633, started on Sat Sep 11 16:47:02 GMT+09:00 2021
